build/app/outputs/mapping/release/seeds.txt
com.yalantis.ucrop.R$id: int fragment_container_view_tag
androidx.appcompat.R$attr: int actionModeWebSearchDrawable
com.yalantis.ucrop.R$color: int abc_hint_foreground_material_light
androidx.appcompat.R$style: int Base_V26_Widget_AppCompat_Toolbar
com.razorpay.R$id: int shortcut
androidx.appcompat.R$styleable: int AppCompatTextView_drawableEndCompat
com.yalantis.ucrop.R$layout: int abc_expanded_menu_layout
androidx.appcompat.R$style: int TextAppearance_AppCompat_Subhead
androidx.transition.R$id: int accessibility_custom_action_25
androidx.appcompat.R$styleable: int SwitchCompat_switchPadding
androidx.appcompat.R$style: int TextAppearance_AppCompat_Display2
com.yalantis.ucrop.R$styleable: int[] AppCompatTheme
androidx.transition.R$id: int accessibility_custom_action_30
com.yalantis.ucrop.R$styleable: int DrawerArrowToggle_thickness
io.flutter.plugin.editing.ImeSyncDeferringInsetsCallback: android.view.View$OnApplyWindowInsetsListener getInsetsListener()
androidx.appcompat.R$attr: int listPreferredItemPaddingRight
androidx.appcompat.R$styleable: int Toolbar_contentInsetEndWithActions
androidx.appcompat.R$drawable: int btn_radio_off_mtrl
androidx.appcompat.R$drawable: int notification_bg
androidx.appcompat.resources.R$drawable: int notification_tile_bg
io.flutter.embedding.engine.FlutterJNI: boolean isAttached()
com.yalantis.ucrop.view.OverlayView: android.graphics.RectF getCropViewRect()
androidx.appcompat.R$string: int abc_searchview_description_voice
androidx.appcompat.widget.AppCompatEditText: void setBackgroundResource(int)
com.yalantis.ucrop.R$styleable: int SearchView_commitIcon
androidx.appcompat.R$dimen: int abc_dialog_title_divider_material
com.razorpay.R$string: int search_menu_title
com.google.android.gms.base.R$string: int common_google_play_services_update_title
androidx.appcompat.widget.Toolbar: void setNavigationOnClickListener(android.view.View$OnClickListener)
androidx.core.R$id: int accessibility_custom_action_3
com.yalantis.ucrop.R$id: int dialog_button
androidx.fragment.app.BackStackState: android.os.Parcelable$Creator CREATOR
com.yalantis.ucrop.R$styleable: int ActionMode_titleTextStyle
com.yalantis.ucrop.R$styleable: int AppCompatTheme_textColorSearchUrl
androidx.vectordrawable.graphics.drawable.VectorDrawableCompat$VPathRenderer
androidx.appcompat.R$styleable: int AppCompatTheme_actionMenuTextColor
io.flutter.embedding.android.FlutterActivityLaunchConfigs$BackgroundMode: io.flutter.embedding.android.FlutterActivityLaunchConfigs$BackgroundMode[] values()
androidx.appcompat.R$dimen: int abc_text_size_display_2_material
io.flutter.embedding.engine.systemchannels.PlatformChannel$DeviceOrientation: io.flutter.embedding.engine.systemchannels.PlatformChannel$DeviceOrientation[] values()
androidx.appcompat.R$style: int Theme_AppCompat_DayNight_Dialog
com.yalantis.ucrop.R$styleable: int Spinner_android_popupBackground
androidx.appcompat.R$styleable: int AppCompatSeekBar_android_thumb
com.yalantis.ucrop.R$id: int layout_aspect_ratio
com.yalantis.ucrop.R$dimen: int notification_small_icon_size_as_large
com.yalantis.ucrop.R$styleable: int DrawerArrowToggle_drawableSize
androidx.appcompat.R$style: int Base_Widget_AppCompat_Button
androidx.appcompat.R$attr: int showText
androidx.appcompat.R$string: int search_menu_title
com.yalantis.ucrop.R$styleable: int AppCompatTheme_panelBackground
com.yalantis.ucrop.R$string: int abc_action_menu_overflow_description
androidx.appcompat.R$styleable: int[] GradientColorItem
com.yalantis.ucrop.R$styleable: int MenuView_android_headerBackground
vn.hunghd.flutter.plugins.imagecropper.R$string: int abc_toolbar_collapse_description
androidx.appcompat.R$attr: int fontVariationSettings
androidx.appcompat.R$attr: int divider
androidx.appcompat.R$styleable: int AppCompatTheme_buttonBarButtonStyle
androidx.appcompat.R$id: int text2
com.yalantis.ucrop.R$drawable: int abc_text_select_handle_right_mtrl
com.yalantis.ucrop.R$styleable: int[] SwitchCompat