build/app/outputs/mapping/release/mapping.txt
# compiler: R8
# compiler_version: 2.0.88
# min_api: 20
# pg_map_id: 9839f6e
# common_typos_disable
...
com.yalantis.ucrop.util.EglUtils -> com.yalantis.ucrop.n.c:
    int getMaxTextureEgl10() -> a
    int getMaxTextureEgl14() -> b
    int getMaxTextureSize() -> c
com.yalantis.ucrop.util.FastBitmapDrawable -> com.yalantis.ucrop.n.d:
    android.graphics.Bitmap mBitmap -> b
    android.graphics.Paint mPaint -> a
    int mWidth -> d
    int mHeight -> e
    int mAlpha -> c
    android.graphics.Bitmap getBitmap() -> a
    void setBitmap(android.graphics.Bitmap) -> b
com.yalantis.ucrop.util.FileUtils -> com.yalantis.ucrop.n.e:
    void copyFile(android.content.Context,android.net.Uri,android.net.Uri) -> a
com.yalantis.ucrop.util.ImageHeaderParser -> com.yalantis.ucrop.n.f:
    byte[] JPEG_EXIF_SEGMENT_PREAMBLE_BYTES -> b
    int[] BYTES_PER_FORMAT -> c
    com.yalantis.ucrop.util.ImageHeaderParser$Reader reader -> a
    int calcTagOffset(int,int) -> a
    void copyExif(android.content.Context,int,int,android.net.Uri,android.net.Uri) -> b
    void copyExif(android.content.Context,int,int,android.net.Uri,java.lang.String) -> c
    void copyExif(android.content.Context,androidx.exifinterface.media.ExifInterface,int,int,android.net.Uri) -> d
    void copyExif(androidx.exifinterface.media.ExifInterface,int,int,java.lang.String) -> e
    void copyExifAttributes(androidx.exifinterface.media.ExifInterface,androidx.exifinterface.media.ExifInterface,int,int) -> f
    int getOrientation() -> g
    boolean handles(int) -> h
    boolean hasJpegExifPreamble(byte[],int) -> i
    int moveToExifSegmentAndGetLength() -> j
    int parseExifSegment(com.yalantis.ucrop.util.ImageHeaderParser$RandomAccessReader) -> k
    int parseExifSegment(byte[],int) -> l
com.yalantis.ucrop.util.ImageHeaderParser$RandomAccessReader -> com.yalantis.ucrop.n.f$a:
    java.nio.ByteBuffer data -> a
    short getInt16(int) -> a
    int getInt32(int) -> b
    int length() -> c
    void order(java.nio.ByteOrder) -> d
com.yalantis.ucrop.util.ImageHeaderParser$Reader -> com.yalantis.ucrop.n.f$b:
    long skip(long) -> b
    int getUInt16() -> c
    int read(byte[],int) -> d
    short getUInt8() -> e
com.yalantis.ucrop.util.ImageHeaderParser$StreamReader -> com.yalantis.ucrop.n.f$c:
    java.io.InputStream is -> a
    long skip(long) -> b
    int getUInt16() -> c
    int read(byte[],int) -> d
    short getUInt8() -> e
com.yalantis.ucrop.util.RectUtils -> com.yalantis.ucrop.n.g:
    float[] getCenterFromRect(android.graphics.RectF) -> a
    float[] getCornersFromRect(android.graphics.RectF) -> b
    float[] getRectSidesFromCorners(float[]) -> c
    android.graphics.RectF trapToRect(float[]) -> d
com.yalantis.ucrop.util.RotationGestureDetector -> com.yalantis.ucrop.n.h:
    float mAngle -> g
    float sY -> d
    int mPointerIndex2 -> f
    float sX -> c
    float fY -> b
    float fX -> a
    int mPointerIndex1 -> e
    boolean mIsFirstTouch -> h
    com.yalantis.ucrop.util.RotationGestureDetector$OnRotationGestureListener mListener -> i
    float calculateAngleBetweenLines(float,float,float,float,float,float,float,float) -> a
    float calculateAngleDelta(float,float) -> b
    float getAngle() -> c
    boolean onTouchEvent(android.view.MotionEvent) -> d
com.yalantis.ucrop.util.RotationGestureDetector$OnRotationGestureListener -> com.yalantis.ucrop.n.h$a:
    boolean onRotation(com.yalantis.ucrop.util.RotationGestureDetector) -> a
com.yalantis.ucrop.util.RotationGestureDetector$SimpleOnRotationGestureListener -> com.yalantis.ucrop.n.h$b:
com.yalantis.ucrop.util.SelectedStateListDrawable -> com.yalantis.ucrop.n.i:
    int mSelectionColor -> b