build/app/outputs/mapping/release/usage.txt
androidx.activity.result.contract.ActivityResultContracts$TakePicturePreview
com.google.android.gms.common.internal.ClientSettings$OptionalApiSettings:
    public void <init>(java.util.Set)
androidx.core.app.NotificationCompat$BubbleMetadata$Builder
androidx.appcompat.view.SupportMenuInflater:
    static final java.lang.String LOG_TAG
    private static final java.lang.String XML_MENU
    private static final java.lang.String XML_GROUP
    private static final java.lang.String XML_ITEM
    static final int NO_ID
androidx.drawerlayout.R$drawable
androidx.appcompat.widget.TintTypedArray:
    public int length()
    public int getIndexCount()
    public int getIndex(int)
    public android.content.res.Resources getResources()
    public java.lang.String getNonResourceString(int)
    public float getDimension(int,float)
    public int getLayoutDimension(int,java.lang.String)
    public float getFraction(int,int,int,float)
    public boolean getValue(int,android.util.TypedValue)
    public int getType(int)
    public android.util.TypedValue peekValue(int)
    public java.lang.String getPositionDescription()
    public int getChangingConfigurations()
com.razorpay.Checkout$1
com.google.android.gms.auth.api.signin.GoogleSignInStatusCodes
androidx.appcompat.app.AppCompatDelegateImpl$PanelFeatureState$SavedState$1
com.google.android.gms.common.api.internal.zaaw:
    public final com.google.android.gms.common.api.internal.BaseImplementation$ApiMethodImpl enqueue(com.google.android.gms.common.api.internal.BaseImplementation$ApiMethodImpl)
    public final com.google.android.gms.common.api.internal.ListenerHolder registerListener(java.lang.Object)
    public final com.google.android.gms.common.api.Api$Client getClient(com.google.android.gms.common.api.Api$AnyClientKey)
    public final boolean hasApi(com.google.android.gms.common.api.Api)
    public final boolean hasConnectedApi(com.google.android.gms.common.api.Api)
    public final com.google.android.gms.common.ConnectionResult getConnectionResult(com.google.android.gms.common.api.Api)
    public final com.google.android.gms.common.ConnectionResult blockingConnect(long,java.util.concurrent.TimeUnit)
    public final void stopAutoManage(androidx.fragment.app.FragmentActivity)
    public final boolean isConnecting()
    public final void registerConnectionCallbacks(com.google.android.gms.common.api.GoogleApiClient$ConnectionCallbacks)
    public final boolean isConnectionCallbacksRegistered(com.google.android.gms.common.api.GoogleApiClient$ConnectionCallbacks)
    public final void unregisterConnectionCallbacks(com.google.android.gms.common.api.GoogleApiClient$ConnectionCallbacks)
    public final boolean isConnectionFailedListenerRegistered(com.google.android.gms.common.api.GoogleApiClient$OnConnectionFailedListener)
com.google.android.gms.common.util.CollectionUtils
com.google.android.gms.internal.auth.zzac
androidx.appcompat.view.menu.MenuDialogHelper:
    public void setPresenterCallback(androidx.appcompat.view.menu.MenuPresenter$Callback)
com.google.android.gms.common.api.internal.BasePendingResult:
    protected void <init>(android.os.Looper)
    protected void <init>(com.google.android.gms.common.api.internal.BasePendingResult$CallbackHandler)
    public final com.google.android.gms.common.api.Result await()
    public final com.google.android.gms.common.api.Result await(long,java.util.concurrent.TimeUnit)
    public final void setResultCallback(com.google.android.gms.common.api.ResultCallback,long,java.util.concurrent.TimeUnit)
    public com.google.android.gms.common.api.TransformedResult then(com.google.android.gms.common.api.ResultTransform)
    protected final void setCancelToken(com.google.android.gms.common.internal.ICancelToken)
androidx.lifecycle.HasDefaultViewModelProviderFactory